2020-02-28 14:47:08 INFO  Main:38 - saved data reading
2020-02-28 14:47:08 INFO  Main:43 - application start
2020-02-28 14:47:10 INFO  Controller:75 - Main controller initializing
2020-02-28 14:47:21 INFO  NewEditController:91 - new/edit window initializing
2020-02-28 15:27:55 INFO  Main:38 - saved data reading
2020-02-28 15:27:55 INFO  Main:43 - application start
2020-02-28 15:27:56 INFO  Controller:75 - Main controller initializing
2020-03-12 16:56:37 INFO  Main:38 - saved data reading
2020-03-12 16:56:37 INFO  Main:43 - application start
2020-03-12 16:56:38 INFO  TaskController:75 - Main controller initializing
2020-03-12 17:15:23 INFO  Main:38 - saved data reading
2020-03-12 17:15:23 INFO  Main:43 - application start
2020-03-12 17:15:24 INFO  TaskController:75 - Main controller initializing
2020-03-12 17:15:28 INFO  TaskInfoController:26 - task info window initializing
2020-03-12 17:15:32 INFO  TaskInfoController:26 - task info window initializing
2020-03-12 17:15:48 INFO  TaskInfoController:26 - task info window initializing
2020-03-12 17:15:51 INFO  TaskInfoController:26 - task info window initializing
2020-03-12 17:15:55 INFO  TaskInfoController:26 - task info window initializing
2020-03-12 17:21:04 INFO  Main:38 - saved data reading
2020-03-12 17:21:04 INFO  Main:43 - application start
2020-03-12 17:21:05 INFO  TaskController:75 - Main controller initializing
2020-03-12 17:21:08 INFO  NewEditController:91 - new/edit window initializing
2020-03-12 17:21:12 INFO  NewEditController:91 - new/edit window initializing
2020-03-12 17:21:19 INFO  NewEditController:91 - new/edit window initializing
2020-03-12 19:09:46 INFO  Main:39 - saved data reading
2020-03-12 19:09:46 INFO  Main:44 - application start
2020-03-12 19:09:47 INFO  TaskController:75 - Main controller initializing
2020-03-12 19:10:42 INFO  Main:39 - saved data reading
2020-03-12 19:10:42 INFO  Main:44 - application start
2020-03-12 19:10:43 INFO  TaskController:75 - Main controller initializing
2020-03-12 19:28:55 INFO  Main:39 - saved data reading
2020-03-12 19:28:55 INFO  Main:44 - application start
2020-03-12 19:28:56 INFO  TaskController:75 - Main controller initializing
